<?xml version="1.0" encoding="UTF-8"?>
<!-- Generated by org.testng.reporters.JUnitReportReporter -->
<testsuite hostname="jagan" failures="0" tests="5" name="day2_test_01.Test_regression_smoke" time="0.027" errors="0" timestamp="2024-04-27T06:37:18 IST" skipped="0">
  <testcase classname="day2_test_01.Test_regression_smoke" name="test" time="0.017"/>
  <system-out/>
  <testcase classname="day2_test_01.Test_regression_smoke" name="test2" time="0.001"/>
  <system-out/>
  <testcase classname="day2_test_01.Test_regression_smoke" name="test4" time="0.001"/>
  <system-out/>
  <testcase classname="day2_test_01.Test_regression_smoke" name="test1" time="0.003"/>
  <system-out/>
  <testcase classname="day2_test_01.Test_regression_smoke" name="test3" time="0.005"/>
  <system-out/>
</testsuite> <!-- day2_test_01.Test_regression_smoke -->
