<?xml version="1.0" encoding="UTF-8"?>
<!-- Generated by org.testng.reporters.JUnitReportReporter -->
<testsuite hostname="jagan" failures="0" tests="1" name="day2_test_01.Parameters_demo" time="0.011" errors="0" timestamp="2024-04-27T11:27:20 IST" skipped="0">
  <testcase classname="day2_test_01.Parameters_demo" name="add" time="0.011"/>
  <system-out/>
</testsuite> <!-- day2_test_01.Parameters_demo -->
