<?xml version="1.0" encoding="UTF-8"?>
<!-- Generated by org.testng.reporters.JUnitReportReporter -->
<testsuite hostname="jagan" failures="0" tests="7" name="day2_test_01.Testng_test_01" time="0.018" errors="0" timestamp="2024-04-19T18:29:59 IST" skipped="0">
  <testcase classname="day2_test_01.Testng_test_01" name="test1" time="0.001"/>
  <system-out/>
  <testcase classname="day2_test_01.Testng_test_01" name="test1" time="0.002"/>
  <system-out/>
  <testcase classname="day2_test_01.Testng_test_01" name="test4" time="0.000"/>
  <system-out/>
  <testcase classname="day2_test_01.Testng_test_01" name="test" time="0.010"/>
  <system-out/>
  <testcase classname="day2_test_01.Testng_test_01" name="test1" time="0.002"/>
  <system-out/>
  <testcase classname="day2_test_01.Testng_test_01" name="test2" time="0.001"/>
  <system-out/>
  <testcase classname="day2_test_01.Testng_test_01" name="test3" time="0.002"/>
  <system-out/>
</testsuite> <!-- day2_test_01.Testng_test_01 -->
