<?xml version="1.0" encoding="UTF-8"?>
<!-- Generated by org.testng.reporters.JUnitReportReporter -->
<testsuite hostname="jagan" failures="0" tests="1" name="day2_test_01.Before_After_Suite" time="3.989" errors="0" timestamp="2024-04-20T08:19:42 IST" skipped="0">
  <testcase classname="day2_test_01.Before_After_Suite" name="test2" time="3.989"/>
  <system-out/>
</testsuite> <!-- day2_test_01.Before_After_Suite -->
