<?xml version="1.0" encoding="UTF-8"?>
<!-- Generated by org.testng.reporters.JUnitReportReporter -->
<testsuite hostname="jagan" failures="0" tests="1" name="day2_test_01.Before_After_01" time="0.018" errors="0" timestamp="2024-04-19T18:32:00 IST" skipped="0">
  <testcase classname="day2_test_01.Before_After_01" name="p2" time="0.018"/>
  <system-out/>
</testsuite> <!-- day2_test_01.Before_After_01 -->
