<?xml version="1.0" encoding="UTF-8"?>
<!-- Generated by org.testng.reporters.JUnitReportReporter -->
<testsuite hostname="jagan" failures="0" tests="2" name="day2_test_01.Dependency_demo" time="5.108" errors="0" timestamp="2024-04-27T10:17:29 IST" skipped="0">
  <testcase classname="day2_test_01.Dependency_demo" name="openBrowser" time="2.705"/>
  <system-out/>
  <testcase classname="day2_test_01.Dependency_demo" name="enterUrl" time="2.403"/>
  <system-out/>
</testsuite> <!-- day2_test_01.Dependency_demo -->
