<?xml version="1.0" encoding="UTF-8"?>
<!-- Generated by org.testng.reporters.JUnitReportReporter -->
<testsuite hostname="jagan" failures="0" tests="4" name="day2_test_01.Test_regression_groups_2" time="0.016" errors="0" timestamp="2024-04-27T06:55:18 IST" skipped="0">
  <testcase classname="day2_test_01.Test_regression_groups_2" name="carstart" time="0.008"/>
  <system-out/>
  <testcase classname="day2_test_01.Test_regression_groups_2" name="vanstart" time="0.001"/>
  <system-out/>
  <testcase classname="day2_test_01.Test_regression_groups_2" name="vanstop" time="0.004"/>
  <system-out/>
  <testcase classname="day2_test_01.Test_regression_groups_2" name="carstop" time="0.003"/>
  <system-out/>
</testsuite> <!-- day2_test_01.Test_regression_groups_2 -->
