<?xml version="1.0" encoding="UTF-8"?>
<!-- Generated by org.testng.reporters.JUnitReportReporter -->
<testsuite hostname="jagan" failures="0" tests="2" name="day2_test_01.Login_after_before_testng_01" time="6.423" errors="0" timestamp="2024-04-19T18:59:59 IST" skipped="0">
  <testcase classname="day2_test_01.Login_after_before_testng_01" name="Login" time="5.691"/>
  <system-out/>
  <testcase classname="day2_test_01.Login_after_before_testng_01" name="Logout" time="0.732"/>
  <system-out/>
</testsuite> <!-- day2_test_01.Login_after_before_testng_01 -->
